<?xml version="1.0" encoding="UTF-8" ?>
<testsuite tests="1" failures="0" name="asd.demo.model.dao.RunTest" time="11.215" errors="1" skipped="0">
  <properties>
[...]
</properties>
  <testcase classname="Test Login and Check own user details(User login and view own details(Wenting and Yixin UI Testing Combined))" name="Test Login and Check own user details" time="10.398">
    <error message="Unable to locate element: #login
For documentation on this error, please visit: https://www.seleniumhq.org/exceptions/no_such_element.html
Build info: version: &apos;3.141.59&apos;, revision: &apos;e82be7d358&apos;, time: &apos;2018-11-14T08:17:03&apos;
System info: host: &apos;DESKTOP-VSUA7RQ&apos;, ip: &apos;192.168.226.1&apos;, os.name: &apos;Windows 10&apos;, os.arch: &apos;amd64&apos;, os.version: &apos;10.0&apos;, java.version: &apos;1.8.0_201&apos;
Driver info: org.openqa.selenium.firefox.FirefoxDriver
Capabilities {acceptInsecureCerts: true, browserName: firefox, browserVersion: 62.0.3, javascriptEnabled: true, moz:accessibilityChecks: false, moz:geckodriverVersion: 0.22.0, moz:headless: false, moz:processID: 9248, moz:profile: C:\Users\jonny\AppData\Loca..., moz:useNonSpecCompliantPointerOrigin: false, moz:webdriverClick: true, pageLoadStrategy: normal, platform: XP, platformName: XP, platformVersion: 10.0, rotatable: false, timeouts: {implicit: 0, pageLoad: 300000, script: 30000}}
Session ID: c484706c-278a-4d23-9967-2755ac418ac3
*** Element info: {Using=id, value=login}" type="org.openqa.selenium.NoSuchElementException">org.openqa.selenium.NoSuchElementException: Unable to locate element: #login
For documentation on this error, please visit: https://www.seleniumhq.org/exceptions/no_such_element.html
Build info: version: &apos;3.141.59&apos;, revision: &apos;e82be7d358&apos;, time: &apos;2018-11-14T08:17:03&apos;
System info: host: &apos;DESKTOP-VSUA7RQ&apos;, ip: &apos;192.168.226.1&apos;, os.name: &apos;Windows 10&apos;, os.arch: &apos;amd64&apos;, os.version: &apos;10.0&apos;, java.version: &apos;1.8.0_201&apos;
Driver info: org.openqa.selenium.firefox.FirefoxDriver
Capabilities {acceptInsecureCerts: true, browserName: firefox, browserVersion: 62.0.3, javascriptEnabled: true, moz:accessibilityChecks: false, moz:geckodriverVersion: 0.22.0, moz:headless: false, moz:processID: 9248, moz:profile: C:\Users\jonny\AppData\Loca..., moz:useNonSpecCompliantPointerOrigin: false, moz:webdriverClick: true, pageLoadStrategy: normal, platform: XP, platformName: XP, platformVersion: 10.0, rotatable: false, timeouts: {implicit: 0, pageLoad: 300000, script: 30000}}
Session ID: c484706c-278a-4d23-9967-2755ac418ac3
*** Element info: {Using=id, value=login}
	at sun.reflect.NativeConstructorAccessorImpl.newInstance0(Native Method)
	at sun.reflect.NativeConstructorAccessorImpl.newInstance(NativeConstructorAccessorImpl.java:62)
	at sun.reflect.DelegatingConstructorAccessorImpl.newInstance(DelegatingConstructorAccessorImpl.java:45)
	at java.lang.reflect.Constructor.newInstance(Constructor.java:423)
	at org.openqa.selenium.remote.http.W3CHttpResponseCodec.createException(W3CHttpResponseCodec.java:187)
	at org.openqa.selenium.remote.http.W3CHttpResponseCodec.decode(W3CHttpResponseCodec.java:122)
	at org.openqa.selenium.remote.http.W3CHttpResponseCodec.decode(W3CHttpResponseCodec.java:49)
	at org.openqa.selenium.remote.HttpCommandExecutor.execute(HttpCommandExecutor.java:158)
	at org.openqa.selenium.remote.service.DriverCommandExecutor.execute(DriverCommandExecutor.java:83)
	at org.openqa.selenium.remote.RemoteWebDriver.execute(RemoteWebDriver.java:552)
	at org.openqa.selenium.remote.RemoteWebDriver.findElement(RemoteWebDriver.java:323)
	at org.openqa.selenium.remote.RemoteWebDriver.findElementById(RemoteWebDriver.java:372)
	at org.openqa.selenium.By$ById.findElement(By.java:188)
	at org.openqa.selenium.remote.RemoteWebDriver.findElement(RemoteWebDriver.java:315)
	at asd.demo.model.dao.LoginButtonTest.login_button_enabled(LoginButtonTest.java:46)
	at ✽.Login button enabled(file:features/demo.feature:7)
</error>
    <system-out>
&lt;-- Test Finished</system-out>
    <system-err>SLF4J: Failed to load class &quot;org.slf4j.impl.StaticLoggerBinder&quot;.
SLF4J: Defaulting to no-operation (NOP) logger implementation
SLF4J: See http://www.slf4j.org/codes.html#StaticLoggerBinder for further details.
Sep 15, 2019 8:08:54 PM java.util.prefs.WindowsPreferences &lt;init&gt;
WARNING: Could not open/create prefs root node Software\JavaSoft\Prefs at root 0x80000002. Windows RegCreateKeyEx(...) returned error code 5.
1568542135890	mozrunner::runner	INFO	Running command: &quot;C:\\Program Files\\Mozilla Firefox\\firefox.exe&quot; &quot;-marionette&quot; &quot;-foreground&quot; &quot;-no-remote&quot; &quot;-profile&quot; &quot;C:\\Users\\jonny\\AppData\\Local\\Temp\\rust_mozprofile.O9OXkspXRRF0&quot;
Sep 15, 2019 8:08:56 PM com.mongodb.diagnostics.logging.JULLogger log
INFO: Opened connection [connectionId{localValue:1, serverValue:1219414}] to ds023603.mlab.com:23603
Sep 15, 2019 8:08:56 PM com.mongodb.diagnostics.logging.JULLogger log
INFO: Monitor thread successfully connected to server with description ServerDescription{address=ds023603.mlab.com:23603, type=REPLICA_SET_PRIMARY, state=CONNECTED, ok=true, version=ServerVersion{versionList=[3, 6, 12]}, minWireVersion=0, maxWireVersion=6, maxDocumentSize=16777216, roundTripTimeNanos=251077037, setName=&apos;rs-ds023603&apos;, canonicalAddress=ds023603-a.mlab.com:23603, hosts=[ds023603-a.mlab.com:23603], passives=[], arbiters=[], primary=&apos;ds023603-a.mlab.com:23603&apos;, tagSet=TagSet{[]}, electionId=7fffffff000000000000000a, setVersion=2, lastWriteDate=Sun Sep 15 20:08:47 AEST 2019, lastUpdateTimeNanos=772174969609}
1568542137931	Marionette	INFO	Listening on port 50196
1568542138031	Marionette	WARN	TLS certificate errors will be ignored for this session
1568542138073	Marionette	DEBUG	[6442450945] Frame script loaded
1568542138076	Marionette	DEBUG	[6442450945] Frame script registered
Sep 15, 2019 8:08:58 PM org.openqa.selenium.remote.ProtocolHandshake createSession
INFO: Detected dialect: W3C
1568542138138	Marionette	DEBUG	[6442450945] Received DOM event beforeunload for about:blank
1568542138978	Marionette	DEBUG	[6442450945] Received DOM event pagehide for about:blank
1568542140798	Marionette	DEBUG	[6442450945] Received DOM event DOMContentLoaded for https://asd-demo-opal.herokuapp.com/
1568542143352	Marionette	DEBUG	[6442450945] Received DOM event pageshow for https://asd-demo-opal.herokuapp.com/
1568542143363	Marionette	DEBUG	[6442450945] Received DOM event beforeunload for https://asd-demo-opal.herokuapp.com/
1568542143645	Marionette	DEBUG	[6442450945] Received DOM event pagehide for https://asd-demo-opal.herokuapp.com/
1568542144262	Marionette	DEBUG	[6442450945] Received DOM event DOMContentLoaded for https://asd-demo-opal.herokuapp.com/login.jsp
1568542144294	Marionette	DEBUG	[6442450945] Received DOM event pageshow for https://asd-demo-opal.herokuapp.com/login.jsp
1568542144311	Marionette	DEBUG	[6442450945] Received DOM event beforeunload for https://asd-demo-opal.herokuapp.com/login.jsp
1568542144594	Marionette	DEBUG	[6442450945] Received DOM event pagehide for https://asd-demo-opal.herokuapp.com/login.jsp
1568542144882	Marionette	DEBUG	[6442450945] Received DOM event DOMContentLoaded for https://asd-demo-opal.herokuapp.com/login.jsp
1568542144887	Marionette	DEBUG	[6442450945] Received DOM event pageshow for https://asd-demo-opal.herokuapp.com/login.jsp
</system-err>
  </testcase>
</testsuite>